<?xml version="1.0" encoding="UTF-8"?>
<!-- Generated by org.testng.reporters.JUnitXMLReporter -->
<testsuite hostname="studentapp" ignored="1" name="Test" tests="2" failures="0" timestamp="30 Jan 2020 10:10:37 GMT" time="0.071" errors="0">
  <testcase name="createContactTest" time="0.025" classname="com.crm.autodesk.contact.ConatctTest"/>
  <testcase name="searchConatctTest" time="0.002" classname="com.crm.autodesk.contact.SearchContactTest"/>
  <testcase name="modifyContactTest" time="0.0" classname="com.crm.autodesk.contact.ConatctTest">
    <ignored/>
  </testcase> <!-- modifyContactTest -->
</testsuite> <!-- Test -->
