<?xml version="1.0" encoding="UTF-8"?>
<testng-results skipped="0" failed="0" ignored="0" total="2" passed="2">
  <reporter-output>
  </reporter-output>
  <suite name="Default suite" duration-ms="51" started-at="2020-01-30T10:28:25Z" finished-at="2020-01-30T10:28:25Z">
    <groups>
    </groups>
    <test name="Default test" duration-ms="51" started-at="2020-01-30T10:28:25Z" finished-at="2020-01-30T10:28:25Z">
      <class name="com.crm.autodesk.contact.ConatctTest">
        <test-method status="PASS" signature="createContactTest()[pri:0, instance:com.crm.autodesk.contact.ConatctTest@c038203]" name="createContactTest" duration-ms="13" started-at="2020-01-30T10:28:25Z" finished-at="2020-01-30T10:28:25Z">
          <reporter-output>
          </reporter-output>
        </test-method> <!-- createContactTest -->
        <test-method status="PASS" signature="modifyContactTest()[pri:0, instance:com.crm.autodesk.contact.ConatctTest@c038203]" name="modifyContactTest" duration-ms="2" started-at="2020-01-30T10:28:25Z" finished-at="2020-01-30T10:28:25Z">
          <reporter-output>
          </reporter-output>
        </test-method> <!-- modifyContactTest -->
      </class> <!-- com.crm.autodesk.contact.ConatctTest -->
    </test> <!-- Default test -->
  </suite> <!-- Default suite -->
</testng-results>
